<?xml version="1.0" encoding="UTF-8"?>
<testsuite xmlns:xsi="http://www.w3.org/2001/XMLSchema-instance" xsi:noNamespaceSchemaLocation="https://maven.apache.org/surefire/maven-surefire-plugin/xsd/surefire-test-report.xsd" name="Runners.WebRunner" time="19.118" tests="5" errors="0" skipped="0" failures="0">
  <properties>
[...]
</properties>
  <testcase name="runScenario" classname="Runners.WebRunner" time="8.198"/>
  <testcase name="runScenario" classname="Runners.WebRunner" time="0.079"/>
  <testcase name="runScenario" classname="Runners.WebRunner" time="0.038"/>
  <testcase name="runScenario" classname="Runners.WebRunner" time="6.615"/>
  <testcase name="runScenario" classname="Runners.WebRunner" time="7.215"/>
</testsuite>