<?xml version="1.0" encoding="UTF-8"?>
<testng-results ignored="0" total="5" passed="5" failed="0" skipped="0">
  <reporter-output>
  </reporter-output>
  <suite started-at="2026-01-03T21:22:38 IST" name="Surefire suite" finished-at="2026-01-03T21:22:55 IST" duration-ms="17201">
    <groups>
      <group name="cucumber">
        <method signature="AbstractTestNGCucumberTests.runScenario(io.cucumber.testng.PickleWrapper, io.cucumber.testng.FeatureWrapper)[pri:0, instance:Runners.WebRunner@71cf1b07]" name="runScenario" class="io.cucumber.testng.AbstractTestNGCucumberTests"/>
      </group> <!-- cucumber -->
    </groups>
    <test started-at="2026-01-03T21:22:38 IST" name="Surefire test" finished-at="2026-01-03T21:22:55 IST" duration-ms="17201">
      <class name="Runners.WebRunner">
        <test-method is-config="true" signature="setUpClass(org.testng.ITestContext)[pri:0, instance:Runners.WebRunner@71cf1b07]" started-at="2026-01-03T21:22:38 IST" name="setUpClass" finished-at="2026-01-03T21:22:38 IST" duration-ms="412" status="PASS">
          <params>
            <param index="0">
              <value>
                <![CDATA[org.testng.TestRunner@63124022]]>
              </value>
            </param>
          </params>
          <reporter-output>
          </reporter-output>
        </test-method> <!-- setUpClass -->
        <test-method signature="runScenario(io.cucumber.testng.PickleWrapper, io.cucumber.testng.FeatureWrapper)[pri:0, instance:Runners.WebRunner@71cf1b07]" started-at="2026-01-03T21:22:38 IST" name="runScenario" description="Runs Cucumber Scenarios" data-provider="scenarios" finished-at="2026-01-03T21:22:46 IST" duration-ms="8272" status="PASS">
          <params>
            <param index="0">
              <value>
                <![CDATA["as  a user ican verify food menu over hero module"]]>
              </value>
            </param>
            <param index="1">
              <value>
                <![CDATA["Optional[Hero Feature file]"]]>
              </value>
            </param>
          </params>
          <reporter-output>
          </reporter-output>
        </test-method> <!-- runScenario -->
        <test-method signature="runScenario(io.cucumber.testng.PickleWrapper, io.cucumber.testng.FeatureWrapper)[pri:0, instance:Runners.WebRunner@71cf1b07]" started-at="2026-01-03T21:22:38 IST" name="runScenario" description="Runs Cucumber Scenarios" data-provider="scenarios" finished-at="2026-01-03T21:22:46 IST" duration-ms="8318" status="PASS">
          <params>
            <param index="0">
              <value>
                <![CDATA["as  a user ican verify food menu ovetr hero module and Page Title as well"]]>
              </value>
            </param>
            <param index="1">
              <value>
                <![CDATA["Optional[Hero Feature file]"]]>
              </value>
            </param>
          </params>
          <reporter-output>
          </reporter-output>
        </test-method> <!-- runScenario -->
        <test-method signature="runScenario(io.cucumber.testng.PickleWrapper, io.cucumber.testng.FeatureWrapper)[pri:0, instance:Runners.WebRunner@71cf1b07]" started-at="2026-01-03T21:22:38 IST" name="runScenario" description="Runs Cucumber Scenarios" data-provider="scenarios" finished-at="2026-01-03T21:22:46 IST" duration-ms="8196" status="PASS">
          <params>
            <param index="0">
              <value>
                <![CDATA["as  a user ican verify food menu ovetr hero module"]]>
              </value>
            </param>
            <param index="1">
              <value>
                <![CDATA["Optional[Hero Feature file]"]]>
              </value>
            </param>
          </params>
          <reporter-output>
          </reporter-output>
        </test-method> <!-- runScenario -->
        <test-method signature="runScenario(io.cucumber.testng.PickleWrapper, io.cucumber.testng.FeatureWrapper)[pri:0, instance:Runners.WebRunner@71cf1b07]" started-at="2026-01-03T21:22:46 IST" name="runScenario" description="Runs Cucumber Scenarios" data-provider="scenarios" finished-at="2026-01-03T21:22:53 IST" duration-ms="7296" status="PASS">
          <params>
            <param index="0">
              <value>
                <![CDATA["as  a user ican verify food menu over hero module"]]>
              </value>
            </param>
            <param index="1">
              <value>
                <![CDATA["Optional[Hero Feature file]"]]>
              </value>
            </param>
          </params>
          <reporter-output>
          </reporter-output>
        </test-method> <!-- runScenario -->
        <test-method signature="runScenario(io.cucumber.testng.PickleWrapper, io.cucumber.testng.FeatureWrapper)[pri:0, instance:Runners.WebRunner@71cf1b07]" started-at="2026-01-03T21:22:46 IST" name="runScenario" description="Runs Cucumber Scenarios" data-provider="scenarios" finished-at="2026-01-03T21:22:53 IST" duration-ms="6622" status="PASS">
          <params>
            <param index="0">
              <value>
                <![CDATA["as  a user ican verify food menu over hero module"]]>
              </value>
            </param>
            <param index="1">
              <value>
                <![CDATA["Optional[Hero Feature file]"]]>
              </value>
            </param>
          </params>
          <reporter-output>
          </reporter-output>
        </test-method> <!-- runScenario -->
        <test-method is-config="true" signature="tearDownClass()[pri:0, instance:Runners.WebRunner@71cf1b07]" started-at="2026-01-03T21:22:53 IST" name="tearDownClass" finished-at="2026-01-03T21:22:55 IST" duration-ms="1261" status="PASS">
          <reporter-output>
          </reporter-output>
        </test-method> <!-- tearDownClass -->
      </class> <!-- Runners.WebRunner -->
    </test> <!-- Surefire test -->
  </suite> <!-- Surefire suite -->
</testng-results>
