<?xml version="1.0" encoding="UTF-8"?>
<testng-results ignored="0" total="1" passed="1" failed="0" skipped="0">
  <reporter-output>
  </reporter-output>
  <suite started-at="2025-11-09T16:35:59 IST" name="Default suite" finished-at="2025-11-09T16:36:10 IST" duration-ms="10421">
    <groups>
      <group name="cucumber">
        <method signature="AbstractTestNGCucumberTests.runScenario(io.cucumber.testng.PickleWrapper, io.cucumber.testng.FeatureWrapper)[pri:0, instance:Runners.WebRunner@7eb01b12]" name="runScenario" class="io.cucumber.testng.AbstractTestNGCucumberTests"/>
      </group> <!-- cucumber -->
    </groups>
    <test started-at="2025-11-09T16:35:59 IST" name="Default test" finished-at="2025-11-09T16:36:10 IST" duration-ms="10421">
      <class name="Runners.WebRunner">
        <test-method is-config="true" signature="setUpClass(org.testng.ITestContext)[pri:0, instance:Runners.WebRunner@7eb01b12]" started-at="2025-11-09T16:35:59 IST" name="setUpClass" finished-at="2025-11-09T16:36:00 IST" duration-ms="386" status="PASS">
          <params>
            <param index="0">
              <value>
                <![CDATA[org.testng.TestRunner@7b44bfb8]]>
              </value>
            </param>
          </params>
          <reporter-output>
          </reporter-output>
        </test-method> <!-- setUpClass -->
        <test-method signature="runScenario(io.cucumber.testng.PickleWrapper, io.cucumber.testng.FeatureWrapper)[pri:0, instance:Runners.WebRunner@7eb01b12]" started-at="2025-11-09T16:36:00 IST" name="runScenario" description="Runs Cucumber Scenarios" data-provider="scenarios" finished-at="2025-11-09T16:36:09 IST" duration-ms="8933" status="PASS">
          <params>
            <param index="0">
              <value>
                <![CDATA["as  a user ican verify food menu ovetr hero module"]]>
              </value>
            </param>
            <param index="1">
              <value>
                <![CDATA["Optional[Hero Feature file]"]]>
              </value>
            </param>
          </params>
          <reporter-output>
          </reporter-output>
        </test-method> <!-- runScenario -->
        <test-method is-config="true" signature="tearDownClass()[pri:0, instance:Runners.WebRunner@7eb01b12]" started-at="2025-11-09T16:36:09 IST" name="tearDownClass" finished-at="2025-11-09T16:36:10 IST" duration-ms="1076" status="PASS">
          <reporter-output>
          </reporter-output>
        </test-method> <!-- tearDownClass -->
      </class> <!-- Runners.WebRunner -->
    </test> <!-- Default test -->
  </suite> <!-- Default suite -->
</testng-results>
