<?xml version="1.0" encoding="UTF-8"?>
<!-- Generated by org.testng.reporters.JUnitReportReporter -->
<testsuite hostname="LAPTOP-0ETEA5TC" failures="0" tests="5" name="Runners.WebRunner" time="51.081" errors="0" timestamp="2026-01-03T20:45:34 IST" skipped="0">
  <testcase classname="Runners.WebRunner" name="runScenario" time="10.216"/>
  <testcase classname="Runners.WebRunner" name="runScenario" time="10.188"/>
  <testcase classname="Runners.WebRunner" name="runScenario" time="10.207"/>
  <testcase classname="Runners.WebRunner" name="runScenario" time="10.264"/>
  <testcase classname="Runners.WebRunner" name="runScenario" time="10.206"/>
</testsuite> <!-- Runners.WebRunner -->
