<?xml version="1.0" encoding="UTF-8"?>
<!-- Generated by org.testng.reporters.JUnitReportReporter -->
<testsuite hostname="LAPTOP-0ETEA5TC" failures="0" tests="5" name="Runners.WebRunner" time="38.704" errors="0" timestamp="2026-01-03T21:22:55 IST" skipped="0">
  <testcase classname="Runners.WebRunner" name="runScenario" time="6.622"/>
  <testcase classname="Runners.WebRunner" name="runScenario" time="7.296"/>
  <testcase classname="Runners.WebRunner" name="runScenario" time="8.272"/>
  <testcase classname="Runners.WebRunner" name="runScenario" time="8.318"/>
  <testcase classname="Runners.WebRunner" name="runScenario" time="8.196"/>
</testsuite> <!-- Runners.WebRunner -->
